<?xml version="1.0" encoding="UTF-8"?>
<!-- Generated by org.testng.reporters.JUnitReportReporter -->
<testsuite skipped="0" hostname="Imtiaz" name="com.dummygithub.testcases.LoginTest" tests="1" failures="0" timestamp="16 Apr 2019 07:21:59 GMT" time="0.016" errors="0">
  <testcase name="loginTest" time="0.016" classname="com.dummygithub.testcases.LoginTest"/>
</testsuite> <!-- com.dummygithub.testcases.LoginTest -->
